<?xml version="1.0" encoding="UTF-8"?>
<testsuite name="co.com.sofka.runner.paygrade.PayGrade" tests="0" skipped="0" failures="0" errors="0" timestamp="1970-01-01T00:00:00" hostname="DESKTOP-90O2SEU" time="0.0">
  <properties/>
  <system-out><![CDATA[]]></system-out>
  <system-err><![CDATA[?[32m?[1m?????????????????????????????????????????????????????????????????????????????[0m
?[32m?[1m??[0m View your Cucumber Report at:                                            ?[32m?[1m??[0m
?[32m?[1m??[0m ?[1m?[36m?[4mhttps://reports.cucumber.io/reports/293e4b81-85d7-4db0-b1b4-fabcdbc6e8cc?[0m ?[32m?[1m??[0m
?[32m?[1m??[0m                                                                          ?[32m?[1m??[0m
?[32m?[1m??[0m ?[1mThis report will self-destruct in 24h.?[0m                                   ?[32m?[1m??[0m
?[32m?[1m??[0m Keep reports forever: ?[4m?[1m?[36mhttps://reports.cucumber.io/profile?[0m                ?[32m?[1m??[0m
?[32m?[1m?????????????????????????????????????????????????????????????????????????????[0m]]></system-err>
</testsuite>
